

/*
	Generated by the Particle Editor.
	To use the particle editor, launch the game and type 'editParticles' on the console.
*/
particle water_splash {
	{
		count				3
		material			textures/particles/smokepuff
		time				1.500
		cycles				1.000
		bunching			0.000
		distribution		sphere 6.000 6.000 15.000 
		direction			cone "90.000" 
		orientation			view 
		speed				 "13.000"  to "0.000"
		size				 "20.000"  to "43.000"
		aspect				 "1.000" 
		angle				180.000
		randomDistribution				1
		boundsExpansion				0.000
		fadeIn				0.000
		fadeOut				1.000
		fadeIndex				1.000
		color 				1.000 1.000 1.000 1.000
		fadeColor 			0.000 0.000 0.000 1.000
		offset 				0.000 0.000 20.000
		gravity 			world 23.000
	}
	{
		count				3
		material			textures/particles/droppuddle
		time				2.000
		cycles				1.000
		bunching			1.000
		distribution		rect 0.000 0.000 0.000 
		direction			cone "90.000" 
		orientation			z 
		speed				 "0.000" 
		size				 "3.500"  to "66.500"
		aspect				 "1.000" 
		randomDistribution				0
		boundsExpansion				0.000
		fadeIn				0.000
		fadeOut				1.000
		fadeIndex				1.000
		color 				1.000 1.000 1.000 1.000
		fadeColor 			0.000 0.000 0.000 0.000
		offset 				0.000 0.000 0.000
		gravity 			0.000
	}
}

/*
	Generated by the Particle Editor.
	To use the particle editor, launch the game and type 'editParticles' on the console.
*/
particle water_trail {
	{
		count				5
		material			textures/particles/dim_disk
		time				0.750
		cycles				3.000
		bunching			1.000
		distribution		sphere 0.000 0.000 0.000 
		direction			cone "90.000" 
		orientation			view 
		speed				 "24.000"  to "48.000"
		size				 "4.000"  to "0.000"
		aspect				 "1.000" 
		angle				90.000
		randomDistribution				1
		boundsExpansion				0.000
		fadeIn				0.100
		fadeOut				0.250
		fadeIndex				0.000
		color 				1.000 1.000 1.000 1.000
		fadeColor 			0.000 0.000 0.000 1.000
		offset 				0.000 0.000 0.000
		gravity 			world -32.000
	}
}

/*
	Generated by the Particle Editor.
	To use the particle editor, launch the game and type 'editParticles' on the console.
*/
particle water_splash_tiny {
	{
		count				1
		material			textures/particles/smokepuff
		time				1.500
		cycles				0.000
		bunching			1.000
		distribution		rect 0.000 0.000 0.000 
		direction			cone "0.000" 
		orientation			view 
		speed				 "0.000" 
		size				 "6.500"  to "7.500"
		aspect				 "8.000"  to "0.000"
		angle				180.000
		randomDistribution				0
		boundsExpansion				0.000
		fadeIn				0.000
		fadeOut				1.000
		fadeIndex				1.000
		color 				1.000 1.000 1.000 1.000
		fadeColor 			0.000 0.000 0.000 0.000
		offset 				0.000 0.000 0.000
		gravity 			world 0.000
	}
	{
		count				2
		material			textures/particles/droppuddle
		time				2.000
		cycles				0.000
		bunching			1.000
		distribution		rect 0.000 0.000 0.000 
		direction			cone "90.000" 
		orientation			z 
		speed				 "0.000" 
		size				 "3.500"  to "66.000"
		aspect				 "1.000" 
		randomDistribution				1
		boundsExpansion				0.000
		fadeIn				0.000
		fadeOut				1.000
		fadeIndex				1.000
		color 				1.000 1.000 1.000 1.000
		fadeColor 			0.000 0.000 0.000 1.000
		offset 				0.000 0.000 0.000
		gravity 			1.000
	}
}

/*
	Generated by the Particle Editor.
	To use the particle editor, launch the game and type 'editParticles' on the console.
*/
particle water_splash_large {
	{
		count				3
		material			textures/particles/smokepuff
		time				1.500
		cycles				0.000
		bunching			0.000
		distribution		sphere 10.000 10.000 10.000 
		direction			cone "0.000" 
		orientation			view 
		speed				 "0.000" 
		size				 "8.000"  to "70.500"
		aspect				 "6.000"  to "1.000"
		angle				180.000
		randomDistribution				1
		boundsExpansion				0.000
		fadeIn				0.000
		fadeOut				1.000
		fadeIndex				0.000
		color 				1.000 1.000 1.000 1.000
		fadeColor 			0.000 0.000 0.000 1.000
		offset 				0.000 0.000 20.000
		gravity 			0.000
	}
	{
		count				3
		material			textures/particles/droppuddle
		time				2.000
		cycles				0.000
		bunching			1.000
		distribution		rect 0.000 0.000 0.000 
		direction			cone "90.000" 
		orientation			z 
		speed				 "0.000" 
		size				 "8.000"  to "125.500"
		aspect				 "1.000" 
		randomDistribution				0
		boundsExpansion				0.000
		fadeIn				0.000
		fadeOut				0.550
		fadeIndex				1.000
		color 				1.000 1.000 1.000 1.000
		fadeColor 			0.000 0.000 0.000 0.000
		offset 				0.000 0.000 0.000
		gravity 			0.000
	}
}

/*
	Generated by the Particle Editor.
	To use the particle editor, launch the game and type 'editParticles' on the console.
*/
particle water_fall {
	{
		count				152
		material			textures/particles/smokepuffalpha
		time				2.000
		cycles				0.000
		bunching			1.000
		distribution		rect 8.000 8.000 8.000 
		direction			outward "0.000" 
		orientation			view 
		speed				 "0.000"  to "13.000"
		size				 "26.500"  to "54.000"
		aspect				 "1.000" 
		randomDistribution				1
		boundsExpansion				0.000
		fadeIn				0.000
		fadeOut				0.150
		fadeIndex				0.000
		color 				0.670 0.690 0.860 1.000
		fadeColor 			0.000 0.000 0.000 1.000
		offset 				0.000 0.000 0.000
		gravity 			96.000
	}
	{
		count				28
		material			textures/particles/smokepuff
		time				1.000
		cycles				0.000
		bunching			1.000
		distribution		rect 65.000 65.000 25.000 
		direction			cone "0.000" 
		orientation			view 
		speed				 "0.000"  to "9.000"
		size				 "72.000"  to "110.500"
		aspect				 "1.000" 
		angle				75.000
		randomDistribution				1
		boundsExpansion				0.000
		fadeIn				0.300
		fadeOut				1.000
		fadeIndex				0.000
		color 				1.000 1.000 1.000 1.000
		fadeColor 			0.000 0.000 0.000 0.000
		offset 				0.000 0.000 -350.000
		gravity 			5.000
	}
	{
		count				12
		material			textures/particles/smokepuffalpha
		time				1.300
		cycles				0.000
		bunching			1.000
		distribution		rect 8.000 8.000 8.000 
		direction			outward "-0.300" 
		orientation			view 
		speed				 "-43.000"  to "-94.000"
		size				 "26.500"  to "46.500"
		aspect				 "1.000" 
		randomDistribution				1
		boundsExpansion				0.000
		fadeIn				0.100
		fadeOut				0.250
		fadeIndex				0.000
		color 				1.000 1.000 1.000 1.000
		fadeColor 			0.000 0.000 0.000 0.000
		offset 				0.000 50.000 50.000
		gravity 			1.000
	}
}

/*
	Generated by the Particle Editor.
	To use the particle editor, launch the game and type 'editParticles' on the console.
*/
particle water_waves {
	{
		count				1
		material			textures/particles/droppuddle
		time				1.000
		cycles				1.000
		bunching			1.000
		distribution		sphere 0.000 0.000 0.000 
		direction			cone "0.000" 
		orientation			z 
		speed				 "0.000" 
		size				 "4.000"  to "28.500"
		aspect				 "1.000" 
		rotation				 "35.000"  to "16.000"
		randomDistribution				1
		boundsExpansion				0.000
		fadeIn				0.100
		fadeOut				0.250
		fadeIndex				0.000
		color 				1.000 1.000 1.000 1.000
		fadeColor 			0.000 0.000 0.000 1.000
		offset 				0.000 0.000 0.000
		gravity 			0.000
	}
}